
🤖 OpenBell ML Predictions
============================================================

  Training AAPL...
  📉 AAPL: $315.32 → $312.0 (-1.05%) | MAE: $2.28 | R²: -0.4123

  Training TSLA...
  📉 TSLA: $407.76 → $403.7 (-1.00%) | MAE: $2.91 | R²: -0.128

  Training NVDA...
  📉 NVDA: $210.96 → $210.12 (-0.40%) | MAE: $4.46 | R²: -0.848

  Training GOOGL...
  📉 GOOGL: $357.18 → $353.41 (-1.06%) | MAE: $4.26 | R²: -0.184

  Training MSFT...
  📉 MSFT: $385.1 → $379.59 (-1.43%) | MAE: $1.99 | R²: 0.0751

  Training AMZN...
  📉 AMZN: $245.34 → $240.98 (-1.78%) | MAE: $4.82 | R²: -1.2652

  Training META...
  📈 META: $669.21 → $676.41 (+1.08%) | MAE: $7.03 | R²: -0.2337

🔔 OpenBell Pre-Market Price Predictions
======================================================================
Stock       Current  Predicted   Change      MAE     R²
----------------------------------------------------------------------
AAPL     $   315.32 $   312.00 ▼  1.05% $  2.28 -0.4123
TSLA     $   407.76 $   403.70 ▼  1.00% $  2.91 -0.1280
NVDA     $   210.96 $   210.12 ▼  0.40% $  4.46 -0.8480
GOOGL    $   357.18 $   353.41 ▼  1.06% $  4.26 -0.1840
MSFT     $   385.10 $   379.59 ▼  1.43% $  1.99 0.0751
AMZN     $   245.34 $   240.98 ▼  1.78% $  4.82 -1.2652
META     $   669.21 $   676.41 ▲  1.08% $  7.03 -0.2337

✅ Predictions saved to data/processed/predictions.json
