=================================================================
🔔  O P E N B E L L  —  P R E - M A R K E T  I N T E L L I G E N C E
=================================================================
  Generated : Saturday, July 11, 2026 at 07:20 PM ET
  Market    : WEEKEND
  Coverage  : 7 stocks tracked
=================================================================

📊 MORNING SUMMARY
  🟢 BUY signals  : 0 stocks []
  🔴 SELL signals : 3 stocks ['TSLA', 'MSFT', 'META']
  🟡 HOLD signals : 4 stocks ['AAPL', 'NVDA', 'GOOGL', 'AMZN']

📈 STOCK-BY-STOCK ANALYSIS
-----------------------------------------------------------------
Stock     Price     Pred    Chg% Signal           RSI  Conf
-----------------------------------------------------------------
AAPL   $ 315.32 $ 311.93 ▼  1.1% 🟡 HOLD         61.9   50%
TSLA   $ 407.76 $ 403.70 ▼  1.0% 🔴 SELL         52.0   60%
NVDA   $ 210.96 $ 210.22 ▼  0.3% 🟡 HOLD         50.3   50%
GOOGL  $ 357.18 $ 353.31 ▼  1.1% 🟡 HOLD         42.5   50%
MSFT   $ 385.10 $ 379.49 ▼  1.5% 🔴 SELL         52.9   60%
AMZN   $ 245.34 $ 240.98 ▼  1.8% 🟡 HOLD         50.9   50%
META   $ 669.21 $ 676.41 ▲  1.1% 🔴 SELL         68.7   65%
-----------------------------------------------------------------

🔬 TECHNICAL SIGNALS

  AAPL:
    • Near upper BB (0.87)
    • Above MA50 and MA200

  TSLA:
    • Below MA50 and MA200

  NVDA:
    • Near upper BB (0.87)
    • Above MA50 and MA200

  MSFT:
    • Below MA50 and MA200

  META:
    • Near upper BB (1.18)
    • High volume (2.0x avg)

⚡ TOP OPPORTUNITIES
  🟡 AAPL: HOLD | Score: +0 | Predicted: -1.08%
  🟡 NVDA: HOLD | Score: +0 | Predicted: -0.35%
  🟡 GOOGL: HOLD | Score: +0 | Predicted: -1.08%

⚠️  HIGH VOLATILITY ALERT: ['TSLA', 'META']

=================================================================
  OpenBell rings before the market does. 🔔
  Not financial advice. For educational purposes only.
=================================================================

📄 Report saved to data/processed/reports/openbell_2026-07-11.txt
