
🤖 OpenBell ML Predictions
============================================================

  Training AAPL...
  📉 AAPL: $315.32 → $311.93 (-1.08%) | MAE: $2.21 | R²: -0.3953

  Training TSLA...
  📉 TSLA: $407.76 → $403.7 (-1.00%) | MAE: $2.91 | R²: -0.128

  Training NVDA...
  📉 NVDA: $210.96 → $210.22 (-0.35%) | MAE: $4.4 | R²: -0.8312

  Training GOOGL...
  📉 GOOGL: $357.18 → $353.31 (-1.08%) | MAE: $4.38 | R²: -0.2022

  Training MSFT...
  📉 MSFT: $385.1 → $379.49 (-1.46%) | MAE: $1.99 | R²: 0.0763

  Training AMZN...
  📉 AMZN: $245.34 → $240.98 (-1.78%) | MAE: $4.82 | R²: -1.2652

  Training META...
  📈 META: $669.21 → $676.41 (+1.08%) | MAE: $7.05 | R²: -0.2175

🔔 OpenBell Pre-Market Price Predictions
======================================================================
Stock       Current  Predicted   Change      MAE     R²
----------------------------------------------------------------------
AAPL     $   315.32 $   311.93 ▼  1.08% $  2.21 -0.3953
TSLA     $   407.76 $   403.70 ▼  1.00% $  2.91 -0.1280
NVDA     $   210.96 $   210.22 ▼  0.35% $  4.40 -0.8312
GOOGL    $   357.18 $   353.31 ▼  1.08% $  4.38 -0.2022
MSFT     $   385.10 $   379.49 ▼  1.46% $  1.99 0.0763
AMZN     $   245.34 $   240.98 ▼  1.78% $  4.82 -1.2652
META     $   669.21 $   676.41 ▲  1.08% $  7.05 -0.2175

✅ Predictions saved to data/processed/predictions.json
