
🤖 OpenBell ML Predictions
============================================================

  Training AAPL...
  📉 AAPL: $315.32 → $312.26 (-0.97%) | MAE: $2.23 | R²: -0.3891

  Training TSLA...
  📉 TSLA: $407.76 → $403.7 (-1.00%) | MAE: $2.91 | R²: -0.128

  Training NVDA...
  📉 NVDA: $210.96 → $210.15 (-0.38%) | MAE: $4.38 | R²: -0.8191

  Training GOOGL...
  📉 GOOGL: $357.18 → $353.37 (-1.07%) | MAE: $3.92 | R²: -0.1146

  Training MSFT...
  📉 MSFT: $385.1 → $380.24 (-1.26%) | MAE: $1.89 | R²: 0.0701

  Training AMZN...
  📉 AMZN: $245.34 → $240.98 (-1.78%) | MAE: $4.82 | R²: -1.2652

  Training META...
  📈 META: $669.21 → $676.41 (+1.08%) | MAE: $7.04 | R²: -0.2342

🔔 OpenBell Pre-Market Price Predictions
======================================================================
Stock       Current  Predicted   Change      MAE     R²
----------------------------------------------------------------------
AAPL     $   315.32 $   312.26 ▼  0.97% $  2.23 -0.3891
TSLA     $   407.76 $   403.70 ▼  1.00% $  2.91 -0.1280
NVDA     $   210.96 $   210.15 ▼  0.38% $  4.38 -0.8191
GOOGL    $   357.18 $   353.37 ▼  1.07% $  3.92 -0.1146
MSFT     $   385.10 $   380.24 ▼  1.26% $  1.89 0.0701
AMZN     $   245.34 $   240.98 ▼  1.78% $  4.82 -1.2652
META     $   669.21 $   676.41 ▲  1.08% $  7.04 -0.2342

✅ Predictions saved to data/processed/predictions.json
